<?xml version="1.0" encoding="UTF-8"?>
<testng-results ignored="0" total="1" passed="1" failed="0" skipped="0">
  <reporter-output>
  </reporter-output>
  <suite started-at="2021-05-01T05:51:01 PDT" name="Default suite" finished-at="2021-05-01T05:51:17 PDT" duration-ms="15941">
    <groups>
    </groups>
    <test started-at="2021-05-01T05:51:01 PDT" name="Default test" finished-at="2021-05-01T05:51:17 PDT" duration-ms="15941">
      <class name="com.selenium.webtableDemo">
        <test-method signature="ReadTable()[pri:0, instance:com.selenium.webtableDemo@60dcc9fe]" started-at="2021-05-01T05:51:01 PDT" name="ReadTable" finished-at="2021-05-01T05:51:17 PDT" duration-ms="15897" status="PASS">
          <reporter-output>
          </reporter-output>
        </test-method> <!-- ReadTable -->
      </class> <!-- com.selenium.webtableDemo -->
    </test> <!-- Default test -->
  </suite> <!-- Default suite -->
</testng-results>
