<?xml version="1.0" encoding="UTF-8"?>
<!-- Generated by org.testng.reporters.JUnitXMLReporter -->
<testsuite ignored="0" hostname="MININT-J64K7BB" failures="0" tests="5" name="Functional Testing" time="26.801" errors="0" timestamp="2020-12-13T21:47:40 PST">
  <testcase classname="com.selenium.example1" name="login" time="0.008"/>
  <testcase classname="com.selenium.DataProviderDemo" name="test" time="10.559"/>
  <testcase classname="com.selenium.DataProviderDemo" name="test" time="4.722"/>
  <testcase classname="com.selenium.DataProviderDemo" name="test" time="5.073"/>
  <testcase classname="com.selenium.softAssertExample" name="Pagevalidation" time="6.39"/>
</testsuite> <!-- Functional Testing -->
